<?xml version="1.0" encoding="UTF-8"?>
<!-- Generated by org.testng.reporters.JUnitReportReporter -->
<testsuite name="com.learnautomation.testcases.LoginTestCRM" tests="1" time="5.911" ignored="0" failures="0" timestamp="02 May 2020 08:48:45 GMT" skipped="0" hostname="US-5CG95217H8" errors="0">
  <testcase name="loginApp" time="5.911" classname="com.learnautomation.testcases.LoginTestCRM"/>
</testsuite> <!-- com.learnautomation.testcases.LoginTestCRM -->
